{"timestamp":1520332948180,"vehicle_id":"TOYTA","group_id":"GP1","event":"GEO-OUT","objects":["Building 1"],"location":"70.88","message":"GEO-IN-MSG"}
{"timestamp":1520333028354,"vehicle_id":"BMW","group_id":"GP1","event":"GEO-OUT","objects":["Building 1"],"location":"70.88","message":"GEO-OUT-MSG"}
{"timestamp":1520333307180,"vehicle_id":"BMW","group_id":"GP1","event":"GEO-IN","objects":["Building 1"],"location":"43.44","message":"GEO-OUT-MSG"}
{"timestamp":1520333381930,"vehicle_id":"BMW","group_id":"GP3","event":"GEO-IN","objects":["Building 1"],"location":"70.88","message":"GEO-OUT-MSG"}
{"timestamp":1520333623588,"vehicle_id":"TOYTA","group_id":"GP1","event":"SPEED","objects":["Building 1"],"location":"43.44","message":"GEO-IN-MSG"}
{"timestamp":1520333689100,"vehicle_id":"BMW","group_id":"GP1","event":"GEO-OUT","objects":["Building 1"],"location":"66.34","message":"SPEED-MSG"}
{"timestamp":1520333753249,"vehicle_id":"FORD","group_id":"GP3","event":"SPEED","objects":["Building 1"],"location":"22.15","message":"SPEED-MSG"}
{"timestamp":1520333817056,"vehicle_id":"FORD","group_id":"GP3","event":"GEO-IN","objects":["Building 1"],"location":"43.44","message":"GEO-IN-MSG"}
{"timestamp":1520333881886,"vehicle_id":"BMW","group_id":"GP2","event":"GEO-IN","objects":["Building 1"],"location":"66.34","message":"GEO-IN-MSG"}
{"timestamp":1520333946274,"vehicle_id":"TOYTA","group_id":"GP1","event":"GEO-OUT","objects":["Building 1"],"location":"88.50","message":"GEO-IN-MSG"}
{"timestamp":1520334009916,"vehicle_id":"BMW","group_id":"GP3","event":"GEO-IN","objects":["Building 1"],"location":"22.15","message":"SPEED-MSG"}
{"timestamp":1520334232006,"vehicle_id":"TOYTA","group_id":"GP3","event":"GEO-IN","objects":["Building 1"],"location":"22.15","message":"GEO-OUT-MSG"}
{"timestamp":1520334237199,"vehicle_id":"BMW","group_id":"GP3","event":"GEO-OUT","objects":["Building 1"],"location":"88.50","message":"SPEED-MSG"}
{"timestamp":1520334241573,"vehicle_id":"TOYTA","group_id":"GP3","event":"SPEED","objects":["Building 1"],"location":"43.44","message":"GEO-OUT-MSG"}
{"timestamp":1520334246293,"vehicle_id":"TOYTA","group_id":"GP2","event":"GEO-IN","objects":["Building 1"],"location":"88.50","message":"SPEED-MSG"}
{"timestamp":1520334250235,"vehicle_id":"FORD","group_id":"GP3","event":"GEO-IN","objects":["Building 1"],"location":"43.44","message":"SPEED-MSG"}
{"timestamp":1520334255092,"vehicle_id":"BMW","group_id":"GP2","event":"GEO-OUT","objects":["Building 1"],"location":"66.34","message":"GEO-OUT-MSG"}
{"timestamp":1520334258799,"vehicle_id":"FORD","group_id":"GP1","event":"GEO-IN","objects":["Building 1"],"location":"23.33","message":"GEO-IN-MSG"}
{"timestamp":1520334263080,"vehicle_id":"FORD","group_id":"GP3","event":"SPEED","objects":["Building 1"],"location":"88.50","message":"GEO-IN-MSG"}
{"timestamp":1520334268299,"vehicle_id":"FORD","group_id":"GP2","event":"GEO-OUT","objects":["Building 1"],"location":"43.44","message":"SPEED-MSG"}
{"timestamp":1520334272349,"vehicle_id":"BMW","group_id":"GP3","event":"SPEED","objects":["Building 1"],"location":"43.44","message":"GEO-IN-MSG"}
{"timestamp":1520334277675,"vehicle_id":"TOYTA","group_id":"GP1","event":"SPEED","objects":["Building 1"],"location":"88.50","message":"SPEED-MSG"}
{"timestamp":1520334282954,"vehicle_id":"TOYTA","group_id":"GP2","event":"SPEED","objects":["Building 1"],"location":"88.50","message":"GEO-IN-MSG"}
{"timestamp":1520334286475,"vehicle_id":"TOYTA","group_id":"GP2","event":"GEO-IN","objects":["Building 1"],"location":"70.88","message":"GEO-OUT-MSG"}
{"timestamp":1520334290099,"vehicle_id":"TOYTA","group_id":"GP2","event":"GEO-OUT","objects":["Building 1"],"location":"43.44","message":"SPEED-MSG"}
{"timestamp":1520334294785,"vehicle_id":"TOYTA","group_id":"GP3","event":"SPEED","objects":["Building 1"],"location":"88.50","message":"GEO-IN-MSG"}
{"timestamp":1520334299914,"vehicle_id":"BMW","group_id":"GP3","event":"GEO-IN","objects":["Building 1"],"location":"43.44","message":"SPEED-MSG"}
{"timestamp":1520334303631,"vehicle_id":"BMW","group_id":"GP3","event":"GEO-OUT","objects":["Building 1"],"location":"70.88","message":"GEO-IN-MSG"}
{"timestamp":1520334307791,"vehicle_id":"TOYTA","group_id":"GP2","event":"SPEED","objects":["Building 1"],"location":"43.44","message":"GEO-OUT-MSG"}
{"timestamp":1520334313445,"vehicle_id":"FORD","group_id":"GP2","event":"SPEED","objects":["Building 1"],"location":"70.88","message":"GEO-IN-MSG"}
{"timestamp":1520334317402,"vehicle_id":"BMW","group_id":"GP1","event":"SPEED","objects":["Building 1"],"location":"23.33","message":"GEO-IN-MSG"}
{"timestamp":1520334321386,"vehicle_id":"FORD","group_id":"GP2","event":"GEO-IN","objects":["Building 1"],"location":"22.15","message":"GEO-OUT-MSG"}
{"timestamp":1520334325105,"vehicle_id":"FORD","group_id":"GP1","event":"GEO-IN","objects":["Building 1"],"location":"66.34","message":"GEO-IN-MSG"}
{"timestamp":1520334330704,"vehicle_id":"FORD","group_id":"GP3","event":"SPEED","objects":["Building 1"],"location":"70.88","message":"GEO-OUT-MSG"}
{"timestamp":1520334334499,"vehicle_id":"FORD","group_id":"GP3","event":"GEO-OUT","objects":["Building 1"],"location":"66.34","message":"SPEED-MSG"}
{"timestamp":1520334339581,"vehicle_id":"TOYTA","group_id":"GP1","event":"SPEED","objects":["Building 1"],"location":"43.44","message":"GEO-IN-MSG"}
{"timestamp":1520334343922,"vehicle_id":"TOYTA","group_id":"GP3","event":"GEO-OUT","objects":["Building 1"],"location":"70.88","message":"GEO-OUT-MSG"}
{"timestamp":1520334347423,"vehicle_id":"FORD","group_id":"GP2","event":"SPEED","objects":["Building 1"],"location":"66.34","message":"GEO-OUT-MSG"}
{"timestamp":1520334350969,"vehicle_id":"BMW","group_id":"GP3","event":"SPEED","objects":["Building 1"],"location":"43.44","message":"GEO-OUT-MSG"}
{"timestamp":1520334355892,"vehicle_id":"BMW","group_id":"GP2","event":"GEO-OUT","objects":["Building 1"],"location":"88.50","message":"GEO-OUT-MSG"}
{"timestamp":1520334360858,"vehicle_id":"FORD","group_id":"GP2","event":"GEO-OUT","objects":["Building 1"],"location":"70.88","message":"SPEED-MSG"}
{"timestamp":1520334365829,"vehicle_id":"BMW","group_id":"GP2","event":"GEO-OUT","objects":["Building 1"],"location":"70.88","message":"GEO-IN-MSG"}
{"timestamp":1520334369377,"vehicle_id":"BMW","group_id":"GP1","event":"GEO-IN","objects":["Building 1"],"location":"22.15","message":"GEO-OUT-MSG"}
{"timestamp":1520334374294,"vehicle_id":"TOYTA","group_id":"GP1","event":"SPEED","objects":["Building 1"],"location":"23.33","message":"SPEED-MSG"}
{"timestamp":1520334378925,"vehicle_id":"TOYTA","group_id":"GP1","event":"SPEED","objects":["Building 1"],"location":"70.88","message":"GEO-IN-MSG"}
{"timestamp":1520334384020,"vehicle_id":"TOYTA","group_id":"GP2","event":"GEO-OUT","objects":["Building 1"],"location":"66.34","message":"GEO-OUT-MSG"}
{"timestamp":1520334387525,"vehicle_id":"FORD","group_id":"GP1","event":"GEO-IN","objects":["Building 1"],"location":"66.34","message":"SPEED-MSG"}
{"timestamp":1520334391674,"vehicle_id":"FORD","group_id":"GP3","event":"GEO-OUT","objects":["Building 1"],"location":"22.15","message":"GEO-IN-MSG"}
{"timestamp":1520334395710,"vehicle_id":"FORD","group_id":"GP1","event":"GEO-OUT","objects":["Building 1"],"location":"43.44","message":"GEO-OUT-MSG"}
{"timestamp":1520334401531,"vehicle_id":"FORD","group_id":"GP2","event":"SPEED","objects":["Building 1"],"location":"43.44","message":"GEO-OUT-MSG"}
{"timestamp":1520334406660,"vehicle_id":"TOYTA","group_id":"GP1","event":"SPEED","objects":["Building 1"],"location":"88.50","message":"GEO-OUT-MSG"}
{"timestamp":1520334410024,"vehicle_id":"TOYTA","group_id":"GP3","event":"GEO-OUT","objects":["Building 1"],"location":"22.15","message":"GEO-OUT-MSG"}
{"timestamp":1520334414759,"vehicle_id":"TOYTA","group_id":"GP3","event":"GEO-IN","objects":["Building 1"],"location":"23.33","message":"GEO-OUT-MSG"}
{"timestamp":1520334418787,"vehicle_id":"BMW","group_id":"GP3","event":"SPEED","objects":["Building 1"],"location":"43.44","message":"SPEED-MSG"}
{"timestamp":1520334423161,"vehicle_id":"TOYTA","group_id":"GP2","event":"GEO-OUT","objects":["Building 1"],"location":"23.33","message":"SPEED-MSG"}
{"timestamp":1520334429000,"vehicle_id":"TOYTA","group_id":"GP3","event":"GEO-OUT","objects":["Building 1"],"location":"23.33","message":"GEO-IN-MSG"}
{"timestamp":1520334434059,"vehicle_id":"TOYTA","group_id":"GP3","event":"SPEED","objects":["Building 1"],"location":"22.15","message":"GEO-IN-MSG"}
{"timestamp":1520334437978,"vehicle_id":"TOYTA","group_id":"GP2","event":"GEO-IN","objects":["Building 1"],"location":"66.34","message":"SPEED-MSG"}
{"timestamp":1520334443465,"vehicle_id":"BMW","group_id":"GP3","event":"SPEED","objects":["Building 1"],"location":"22.15","message":"SPEED-MSG"}
{"timestamp":1520334446970,"vehicle_id":"TOYTA","group_id":"GP1","event":"GEO-OUT","objects":["Building 1"],"location":"88.50","message":"GEO-IN-MSG"}
{"timestamp":1520334450615,"vehicle_id":"BMW","group_id":"GP1","event":"SPEED","objects":["Building 1"],"location":"66.34","message":"GEO-IN-MSG"}
{"timestamp":1520334455011,"vehicle_id":"BMW","group_id":"GP1","event":"SPEED","objects":["Building 1"],"location":"66.34","message":"GEO-OUT-MSG"}
{"timestamp":1520334458807,"vehicle_id":"BMW","group_id":"GP3","event":"SPEED","objects":["Building 1"],"location":"70.88","message":"GEO-IN-MSG"}
{"timestamp":1520334462879,"vehicle_id":"TOYTA","group_id":"GP1","event":"SPEED","objects":["Building 1"],"location":"66.34","message":"GEO-IN-MSG"}
{"timestamp":1520334468462,"vehicle_id":"FORD","group_id":"GP2","event":"GEO-OUT","objects":["Building 1"],"location":"23.33","message":"GEO-OUT-MSG"}
{"timestamp":1520334473817,"vehicle_id":"TOYTA","group_id":"GP1","event":"GEO-OUT","objects":["Building 1"],"location":"66.34","message":"GEO-OUT-MSG"}
{"timestamp":1520334478794,"vehicle_id":"FORD","group_id":"GP2","event":"SPEED","objects":["Building 1"],"location":"70.88","message":"SPEED-MSG"}
{"timestamp":1520334483156,"vehicle_id":"FORD","group_id":"GP3","event":"GEO-OUT","objects":["Building 1"],"location":"70.88","message":"SPEED-MSG"}
{"timestamp":1520334487169,"vehicle_id":"BMW","group_id":"GP1","event":"GEO-OUT","objects":["Building 1"],"location":"70.88","message":"GEO-IN-MSG"}
{"timestamp":1520334490638,"vehicle_id":"BMW","group_id":"GP1","event":"GEO-IN","objects":["Building 1"],"location":"22.15","message":"SPEED-MSG"}
{"timestamp":1520334495331,"vehicle_id":"BMW","group_id":"GP2","event":"SPEED","objects":["Building 1"],"location":"43.44","message":"GEO-OUT-MSG"}
{"timestamp":1520334499010,"vehicle_id":"BMW","group_id":"GP1","event":"GEO-IN","objects":["Building 1"],"location":"23.33","message":"GEO-OUT-MSG"}
{"timestamp":1520334504225,"vehicle_id":"TOYTA","group_id":"GP3","event":"GEO-OUT","objects":["Building 1"],"location":"88.50","message":"SPEED-MSG"}
{"timestamp":1520334508253,"vehicle_id":"BMW","group_id":"GP3","event":"SPEED","objects":["Building 1"],"location":"22.15","message":"SPEED-MSG"}
{"timestamp":1520334513606,"vehicle_id":"TOYTA","group_id":"GP1","event":"SPEED","objects":["Building 1"],"location":"22.15","message":"SPEED-MSG"}
{"timestamp":1520334518046,"vehicle_id":"BMW","group_id":"GP3","event":"GEO-IN","objects":["Building 1"],"location":"70.88","message":"GEO-OUT-MSG"}
{"timestamp":1520334523742,"vehicle_id":"TOYTA","group_id":"GP3","event":"SPEED","objects":["Building 1"],"location":"88.50","message":"GEO-OUT-MSG"}
{"timestamp":1520334528868,"vehicle_id":"BMW","group_id":"GP2","event":"GEO-OUT","objects":["Building 1"],"location":"70.88","message":"SPEED-MSG"}
{"timestamp":1520334533816,"vehicle_id":"FORD","group_id":"GP3","event":"GEO-IN","objects":["Building 1"],"location":"70.88","message":"GEO-OUT-MSG"}
{"timestamp":1520334538145,"vehicle_id":"FORD","group_id":"GP1","event":"GEO-OUT","objects":["Building 1"],"location":"66.34","message":"SPEED-MSG"}
{"timestamp":1520334543657,"vehicle_id":"TOYTA","group_id":"GP3","event":"SPEED","objects":["Building 1"],"location":"66.34","message":"GEO-IN-MSG"}
{"timestamp":1520334548713,"vehicle_id":"FORD","group_id":"GP3","event":"GEO-IN","objects":["Building 1"],"location":"88.50","message":"SPEED-MSG"}
{"timestamp":1520334553816,"vehicle_id":"TOYTA","group_id":"GP1","event":"SPEED","objects":["Building 1"],"location":"22.15","message":"GEO-OUT-MSG"}
{"timestamp":1520334559092,"vehicle_id":"TOYTA","group_id":"GP1","event":"GEO-IN","objects":["Building 1"],"location":"22.15","message":"SPEED-MSG"}
{"timestamp":1520334564168,"vehicle_id":"FORD","group_id":"GP2","event":"GEO-OUT","objects":["Building 1"],"location":"43.44","message":"GEO-IN-MSG"}
{"timestamp":1520334569570,"vehicle_id":"TOYTA","group_id":"GP3","event":"GEO-OUT","objects":["Building 1"],"location":"66.34","message":"GEO-OUT-MSG"}
{"timestamp":1520334573893,"vehicle_id":"FORD","group_id":"GP3","event":"GEO-OUT","objects":["Building 1"],"location":"43.44","message":"GEO-IN-MSG"}
{"timestamp":1520334579332,"vehicle_id":"BMW","group_id":"GP2","event":"GEO-OUT","objects":["Building 1"],"location":"88.50","message":"GEO-IN-MSG"}
{"timestamp":1520334582874,"vehicle_id":"FORD","group_id":"GP1","event":"GEO-IN","objects":["Building 1"],"location":"66.34","message":"GEO-OUT-MSG"}
{"timestamp":1520334588541,"vehicle_id":"FORD","group_id":"GP1","event":"SPEED","objects":["Building 1"],"location":"23.33","message":"GEO-IN-MSG"}
{"timestamp":1520334592735,"vehicle_id":"FORD","group_id":"GP2","event":"SPEED","objects":["Building 1"],"location":"88.50","message":"SPEED-MSG"}
{"timestamp":1520334597804,"vehicle_id":"BMW","group_id":"GP3","event":"GEO-IN","objects":["Building 1"],"location":"43.44","message":"SPEED-MSG"}
{"timestamp":1520334602912,"vehicle_id":"BMW","group_id":"GP3","event":"GEO-OUT","objects":["Building 1"],"location":"43.44","message":"SPEED-MSG"}
{"timestamp":1520334607676,"vehicle_id":"FORD","group_id":"GP3","event":"GEO-IN","objects":["Building 1"],"location":"70.88","message":"GEO-OUT-MSG"}
{"timestamp":1520335272043,"vehicle_id":"BMW","group_id":"GP2","event":"GEO-OUT","objects":["Building 1"],"location":"88.50","message":"GEO-OUT-MSG"}
{"timestamp":1520335275871,"vehicle_id":"TOYTA","group_id":"GP1","event":"GEO-OUT","objects":["Building 1"],"location":"66.34","message":"GEO-IN-MSG"}
{"timestamp":1520335280141,"vehicle_id":"BMW","group_id":"GP3","event":"GEO-OUT","objects":["Building 1"],"location":"23.33","message":"GEO-OUT-MSG"}
{"timestamp":1520335285436,"vehicle_id":"FORD","group_id":"GP1","event":"GEO-IN","objects":["Building 1"],"location":"66.34","message":"GEO-IN-MSG"}
{"timestamp":1520335290947,"vehicle_id":"BMW","group_id":"GP3","event":"GEO-IN","objects":["Building 1"],"location":"66.34","message":"GEO-OUT-MSG"}
{"timestamp":1520335295780,"vehicle_id":"FORD","group_id":"GP3","event":"GEO-OUT","objects":["Building 1"],"location":"88.50","message":"SPEED-MSG"}
{"timestamp":1520335300737,"vehicle_id":"FORD","group_id":"GP3","event":"SPEED","objects":["Building 1"],"location":"70.88","message":"SPEED-MSG"}
{"timestamp":1520335304155,"vehicle_id":"FORD","group_id":"GP1","event":"GEO-IN","objects":["Building 1"],"location":"23.33","message":"GEO-IN-MSG"}
{"timestamp":1520335308150,"vehicle_id":"TOYTA","group_id":"GP1","event":"GEO-OUT","objects":["Building 1"],"location":"43.44","message":"GEO-IN-MSG"}
{"timestamp":1520335313237,"vehicle_id":"BMW","group_id":"GP3","event":"SPEED","objects":["Building 1"],"location":"23.33","message":"SPEED-MSG"}
{"timestamp":1520335316622,"vehicle_id":"TOYTA","group_id":"GP2","event":"GEO-OUT","objects":["Building 1"],"location":"23.33","message":"SPEED-MSG"}
{"timestamp":1520335320571,"vehicle_id":"TOYTA","group_id":"GP1","event":"SPEED","objects":["Building 1"],"location":"88.50","message":"GEO-OUT-MSG"}
{"timestamp":1520335325144,"vehicle_id":"BMW","group_id":"GP2","event":"GEO-IN","objects":["Building 1"],"location":"70.88","message":"GEO-OUT-MSG"}
{"timestamp":1520335328585,"vehicle_id":"BMW","group_id":"GP3","event":"GEO-IN","objects":["Building 1"],"location":"22.15","message":"GEO-IN-MSG"}
{"timestamp":1520335334169,"vehicle_id":"BMW","group_id":"GP3","event":"GEO-OUT","objects":["Building 1"],"location":"66.34","message":"GEO-IN-MSG"}
{"timestamp":1520335337939,"vehicle_id":"BMW","group_id":"GP3","event":"GEO-OUT","objects":["Building 1"],"location":"66.34","message":"GEO-OUT-MSG"}
{"timestamp":1520335341479,"vehicle_id":"FORD","group_id":"GP2","event":"SPEED","objects":["Building 1"],"location":"70.88","message":"SPEED-MSG"}
{"timestamp":1520335347476,"vehicle_id":"TOYTA","group_id":"GP2","event":"GEO-IN","objects":["Building 1"],"location":"66.34","message":"SPEED-MSG"}
{"timestamp":1520335351016,"vehicle_id":"TOYTA","group_id":"GP3","event":"GEO-IN","objects":["Building 1"],"location":"66.34","message":"SPEED-MSG"}
{"timestamp":1520335356461,"vehicle_id":"BMW","group_id":"GP1","event":"GEO-OUT","objects":["Building 1"],"location":"43.44","message":"GEO-OUT-MSG"}
{"timestamp":1520335360760,"vehicle_id":"BMW","group_id":"GP1","event":"SPEED","objects":["Building 1"],"location":"66.34","message":"GEO-IN-MSG"}
{"timestamp":1520335364981,"vehicle_id":"TOYTA","group_id":"GP1","event":"SPEED","objects":["Building 1"],"location":"22.15","message":"GEO-IN-MSG"}
{"timestamp":1520335370117,"vehicle_id":"TOYTA","group_id":"GP2","event":"SPEED","objects":["Building 1"],"location":"88.50","message":"GEO-IN-MSG"}
{"timestamp":1520335375273,"vehicle_id":"FORD","group_id":"GP3","event":"GEO-OUT","objects":["Building 1"],"location":"22.15","message":"GEO-OUT-MSG"}
{"timestamp":1520335378717,"vehicle_id":"FORD","group_id":"GP3","event":"GEO-OUT","objects":["Building 1"],"location":"23.33","message":"GEO-IN-MSG"}
{"timestamp":1520335382321,"vehicle_id":"BMW","group_id":"GP1","event":"GEO-OUT","objects":["Building 1"],"location":"22.15","message":"GEO-OUT-MSG"}
{"timestamp":1520335386659,"vehicle_id":"FORD","group_id":"GP2","event":"GEO-IN","objects":["Building 1"],"location":"88.50","message":"SPEED-MSG"}
{"timestamp":1520335392143,"vehicle_id":"FORD","group_id":"GP3","event":"GEO-IN","objects":["Building 1"],"location":"66.34","message":"SPEED-MSG"}
{"timestamp":1520335397177,"vehicle_id":"FORD","group_id":"GP1","event":"GEO-OUT","objects":["Building 1"],"location":"43.44","message":"GEO-OUT-MSG"}
{"timestamp":1520335400923,"vehicle_id":"FORD","group_id":"GP1","event":"SPEED","objects":["Building 1"],"location":"43.44","message":"GEO-OUT-MSG"}
{"timestamp":1520335405910,"vehicle_id":"TOYTA","group_id":"GP2","event":"GEO-OUT","objects":["Building 1"],"location":"23.33","message":"GEO-OUT-MSG"}
{"timestamp":1520335409832,"vehicle_id":"TOYTA","group_id":"GP1","event":"GEO-IN","objects":["Building 1"],"location":"66.34","message":"GEO-OUT-MSG"}
{"timestamp":1520335414117,"vehicle_id":"TOYTA","group_id":"GP2","event":"GEO-IN","objects":["Building 1"],"location":"43.44","message":"GEO-IN-MSG"}
{"timestamp":1520335418462,"vehicle_id":"TOYTA","group_id":"GP2","event":"GEO-OUT","objects":["Building 1"],"location":"66.34","message":"GEO-IN-MSG"}
{"timestamp":1520335423709,"vehicle_id":"TOYTA","group_id":"GP3","event":"SPEED","objects":["Building 1"],"location":"66.34","message":"GEO-IN-MSG"}
{"timestamp":1520335427481,"vehicle_id":"FORD","group_id":"GP1","event":"GEO-IN","objects":["Building 1"],"location":"88.50","message":"GEO-IN-MSG"}
{"timestamp":1520335431221,"vehicle_id":"TOYTA","group_id":"GP3","event":"GEO-IN","objects":["Building 1"],"location":"70.88","message":"GEO-IN-MSG"}
{"timestamp":1520335435627,"vehicle_id":"TOYTA","group_id":"GP3","event":"SPEED","objects":["Building 1"],"location":"43.44","message":"GEO-IN-MSG"}
{"timestamp":1520335438814,"vehicle_id":"FORD","group_id":"GP3","event":"SPEED","objects":["Building 1"],"location":"43.44","message":"SPEED-MSG"}
{"timestamp":1520335443310,"vehicle_id":"FORD","group_id":"GP2","event":"GEO-OUT","objects":["Building 1"],"location":"22.15","message":"SPEED-MSG"}
{"timestamp":1520335446637,"vehicle_id":"FORD","group_id":"GP3","event":"GEO-OUT","objects":["Building 1"],"location":"88.50","message":"GEO-OUT-MSG"}
{"timestamp":1520335451516,"vehicle_id":"FORD","group_id":"GP3","event":"SPEED","objects":["Building 1"],"location":"43.44","message":"GEO-IN-MSG"}
{"timestamp":1520335455462,"vehicle_id":"FORD","group_id":"GP3","event":"GEO-OUT","objects":["Building 1"],"location":"66.34","message":"SPEED-MSG"}
{"timestamp":1520335459859,"vehicle_id":"TOYTA","group_id":"GP2","event":"GEO-IN","objects":["Building 1"],"location":"43.44","message":"GEO-IN-MSG"}
{"timestamp":1520335464763,"vehicle_id":"TOYTA","group_id":"GP2","event":"GEO-OUT","objects":["Building 1"],"location":"43.44","message":"GEO-OUT-MSG"}
{"timestamp":1520335470458,"vehicle_id":"BMW","group_id":"GP3","event":"GEO-OUT","objects":["Building 1"],"location":"23.33","message":"SPEED-MSG"}
{"timestamp":1520335474464,"vehicle_id":"FORD","group_id":"GP1","event":"GEO-IN","objects":["Building 1"],"location":"70.88","message":"GEO-OUT-MSG"}
{"timestamp":1520335480224,"vehicle_id":"TOYTA","group_id":"GP2","event":"SPEED","objects":["Building 1"],"location":"43.44","message":"SPEED-MSG"}
{"timestamp":1520335484878,"vehicle_id":"FORD","group_id":"GP3","event":"GEO-OUT","objects":["Building 1"],"location":"88.50","message":"GEO-IN-MSG"}
{"timestamp":1520335490210,"vehicle_id":"BMW","group_id":"GP1","event":"SPEED","objects":["Building 1"],"location":"70.88","message":"GEO-OUT-MSG"}
{"timestamp":1520335495873,"vehicle_id":"FORD","group_id":"GP3","event":"GEO-IN","objects":["Building 1"],"location":"66.34","message":"GEO-IN-MSG"}
{"timestamp":1520335499465,"vehicle_id":"BMW","group_id":"GP1","event":"SPEED","objects":["Building 1"],"location":"70.88","message":"GEO-OUT-MSG"}
{"timestamp":1520335504645,"vehicle_id":"BMW","group_id":"GP2","event":"SPEED","objects":["Building 1"],"location":"43.44","message":"GEO-IN-MSG"}
{"timestamp":1520335508124,"vehicle_id":"TOYTA","group_id":"GP3","event":"GEO-OUT","objects":["Building 1"],"location":"66.34","message":"SPEED-MSG"}
{"timestamp":1520335511838,"vehicle_id":"BMW","group_id":"GP2","event":"GEO-IN","objects":["Building 1"],"location":"22.15","message":"SPEED-MSG"}
{"timestamp":1520335516097,"vehicle_id":"BMW","group_id":"GP1","event":"GEO-IN","objects":["Building 1"],"location":"22.15","message":"SPEED-MSG"}
{"timestamp":1520335520260,"vehicle_id":"TOYTA","group_id":"GP3","event":"GEO-IN","objects":["Building 1"],"location":"23.33","message":"GEO-IN-MSG"}
{"timestamp":1520335525151,"vehicle_id":"TOYTA","group_id":"GP2","event":"SPEED","objects":["Building 1"],"location":"66.34","message":"GEO-OUT-MSG"}
{"timestamp":1520335528620,"vehicle_id":"BMW","group_id":"GP2","event":"SPEED","objects":["Building 1"],"location":"43.44","message":"GEO-IN-MSG"}
{"timestamp":1520335533724,"vehicle_id":"TOYTA","group_id":"GP3","event":"SPEED","objects":["Building 1"],"location":"43.44","message":"GEO-IN-MSG"}
{"timestamp":1520335537911,"vehicle_id":"FORD","group_id":"GP3","event":"SPEED","objects":["Building 1"],"location":"88.50","message":"GEO-OUT-MSG"}
{"timestamp":1520335542878,"vehicle_id":"FORD","group_id":"GP1","event":"GEO-OUT","objects":["Building 1"],"location":"66.34","message":"GEO-OUT-MSG"}
{"timestamp":1520335546549,"vehicle_id":"BMW","group_id":"GP1","event":"GEO-IN","objects":["Building 1"],"location":"43.44","message":"GEO-IN-MSG"}
{"timestamp":1520335552020,"vehicle_id":"BMW","group_id":"GP1","event":"SPEED","objects":["Building 1"],"location":"70.88","message":"SPEED-MSG"}
{"timestamp":1520335557011,"vehicle_id":"FORD","group_id":"GP1","event":"GEO-OUT","objects":["Building 1"],"location":"23.33","message":"GEO-OUT-MSG"}
{"timestamp":1520335561124,"vehicle_id":"FORD","group_id":"GP3","event":"GEO-OUT","objects":["Building 1"],"location":"22.15","message":"GEO-IN-MSG"}
{"timestamp":1520335565253,"vehicle_id":"BMW","group_id":"GP3","event":"SPEED","objects":["Building 1"],"location":"88.50","message":"GEO-OUT-MSG"}
{"timestamp":1520335568711,"vehicle_id":"TOYTA","group_id":"GP2","event":"GEO-OUT","objects":["Building 1"],"location":"70.88","message":"GEO-OUT-MSG"}
{"timestamp":1520335573977,"vehicle_id":"TOYTA","group_id":"GP2","event":"GEO-IN","objects":["Building 1"],"location":"22.15","message":"SPEED-MSG"}
{"timestamp":1520335577594,"vehicle_id":"BMW","group_id":"GP3","event":"GEO-IN","objects":["Building 1"],"location":"70.88","message":"SPEED-MSG"}
{"timestamp":1520335581111,"vehicle_id":"BMW","group_id":"GP2","event":"SPEED","objects":["Building 1"],"location":"66.34","message":"GEO-OUT-MSG"}
{"timestamp":1520335586631,"vehicle_id":"TOYTA","group_id":"GP1","event":"GEO-IN","objects":["Building 1"],"location":"23.33","message":"GEO-OUT-MSG"}
{"timestamp":1520335591525,"vehicle_id":"BMW","group_id":"GP1","event":"SPEED","objects":["Building 1"],"location":"88.50","message":"SPEED-MSG"}
{"timestamp":1520335595344,"vehicle_id":"TOYTA","group_id":"GP1","event":"GEO-IN","objects":["Building 1"],"location":"43.44","message":"SPEED-MSG"}
{"timestamp":1520335599547,"vehicle_id":"FORD","group_id":"GP3","event":"GEO-IN","objects":["Building 1"],"location":"43.44","message":"GEO-IN-MSG"}
{"timestamp":1520335605299,"vehicle_id":"TOYTA","group_id":"GP3","event":"GEO-OUT","objects":["Building 1"],"location":"70.88","message":"GEO-OUT-MSG"}
{"timestamp":1520335608466,"vehicle_id":"BMW","group_id":"GP2","event":"GEO-OUT","objects":["Building 1"],"location":"43.44","message":"GEO-IN-MSG"}
{"timestamp":1520335613420,"vehicle_id":"TOYTA","group_id":"GP3","event":"GEO-OUT","objects":["Building 1"],"location":"70.88","message":"GEO-IN-MSG"}
{"timestamp":1520335617077,"vehicle_id":"BMW","group_id":"GP2","event":"GEO-IN","objects":["Building 1"],"location":"70.88","message":"GEO-OUT-MSG"}
{"timestamp":1520335620947,"vehicle_id":"BMW","group_id":"GP1","event":"SPEED","objects":["Building 1"],"location":"23.33","message":"GEO-IN-MSG"}
{"timestamp":1520335625441,"vehicle_id":"BMW","group_id":"GP3","event":"GEO-OUT","objects":["Building 1"],"location":"70.88","message":"SPEED-MSG"}
{"timestamp":1520335630008,"vehicle_id":"FORD","group_id":"GP3","event":"SPEED","objects":["Building 1"],"location":"70.88","message":"SPEED-MSG"}
{"timestamp":1520335634857,"vehicle_id":"FORD","group_id":"GP1","event":"GEO-IN","objects":["Building 1"],"location":"22.15","message":"GEO-IN-MSG"}
{"timestamp":1520335639746,"vehicle_id":"FORD","group_id":"GP3","event":"SPEED","objects":["Building 1"],"location":"66.34","message":"GEO-OUT-MSG"}
{"timestamp":1520335644933,"vehicle_id":"BMW","group_id":"GP3","event":"SPEED","objects":["Building 1"],"location":"22.15","message":"GEO-OUT-MSG"}
{"timestamp":1520335650035,"vehicle_id":"TOYTA","group_id":"GP3","event":"GEO-IN","objects":["Building 1"],"location":"22.15","message":"GEO-OUT-MSG"}
{"timestamp":1520335653882,"vehicle_id":"BMW","group_id":"GP2","event":"GEO-OUT","objects":["Building 1"],"location":"23.33","message":"GEO-OUT-MSG"}
{"timestamp":1520335659406,"vehicle_id":"BMW","group_id":"GP2","event":"GEO-OUT","objects":["Building 1"],"location":"66.34","message":"SPEED-MSG"}
{"timestamp":1520335664450,"vehicle_id":"FORD","group_id":"GP3","event":"GEO-IN","objects":["Building 1"],"location":"70.88","message":"SPEED-MSG"}
{"timestamp":1520335669226,"vehicle_id":"FORD","group_id":"GP1","event":"SPEED","objects":["Building 1"],"location":"66.34","message":"GEO-OUT-MSG"}
{"timestamp":1520335673773,"vehicle_id":"TOYTA","group_id":"GP3","event":"SPEED","objects":["Building 1"],"location":"22.15","message":"GEO-OUT-MSG"}
{"timestamp":1520335677547,"vehicle_id":"BMW","group_id":"GP3","event":"GEO-OUT","objects":["Building 1"],"location":"43.44","message":"SPEED-MSG"}
{"timestamp":1520335682882,"vehicle_id":"FORD","group_id":"GP2","event":"GEO-IN","objects":["Building 1"],"location":"23.33","message":"GEO-IN-MSG"}
{"timestamp":1520335688164,"vehicle_id":"FORD","group_id":"GP2","event":"GEO-OUT","objects":["Building 1"],"location":"70.88","message":"SPEED-MSG"}
{"timestamp":1520335693347,"vehicle_id":"BMW","group_id":"GP3","event":"GEO-OUT","objects":["Building 1"],"location":"70.88","message":"GEO-IN-MSG"}
{"timestamp":1520335697026,"vehicle_id":"BMW","group_id":"GP1","event":"GEO-OUT","objects":["Building 1"],"location":"43.44","message":"SPEED-MSG"}
{"timestamp":1520335700400,"vehicle_id":"TOYTA","group_id":"GP1","event":"GEO-IN","objects":["Building 1"],"location":"66.34","message":"SPEED-MSG"}
{"timestamp":1520335704306,"vehicle_id":"FORD","group_id":"GP3","event":"GEO-IN","objects":["Building 1"],"location":"43.44","message":"GEO-IN-MSG"}
{"timestamp":1520335708759,"vehicle_id":"FORD","group_id":"GP3","event":"GEO-OUT","objects":["Building 1"],"location":"70.88","message":"GEO-OUT-MSG"}
{"timestamp":1520335712422,"vehicle_id":"TOYTA","group_id":"GP1","event":"SPEED","objects":["Building 1"],"location":"43.44","message":"GEO-IN-MSG"}
{"timestamp":1520335717122,"vehicle_id":"BMW","group_id":"GP2","event":"GEO-IN","objects":["Building 1"],"location":"22.15","message":"SPEED-MSG"}
{"timestamp":1520335721763,"vehicle_id":"TOYTA","group_id":"GP3","event":"SPEED","objects":["Building 1"],"location":"88.50","message":"SPEED-MSG"}
{"timestamp":1520335726737,"vehicle_id":"BMW","group_id":"GP2","event":"GEO-OUT","objects":["Building 1"],"location":"43.44","message":"GEO-IN-MSG"}
{"timestamp":1520335731047,"vehicle_id":"TOYTA","group_id":"GP1","event":"GEO-OUT","objects":["Building 1"],"location":"22.15","message":"SPEED-MSG"}
{"timestamp":1520335736136,"vehicle_id":"FORD","group_id":"GP1","event":"GEO-IN","objects":["Building 1"],"location":"70.88","message":"SPEED-MSG"}
{"timestamp":1520335741398,"vehicle_id":"TOYTA","group_id":"GP2","event":"SPEED","objects":["Building 1"],"location":"88.50","message":"GEO-OUT-MSG"}
{"timestamp":1520335745671,"vehicle_id":"TOYTA","group_id":"GP2","event":"GEO-IN","objects":["Building 1"],"location":"22.15","message":"GEO-IN-MSG"}
{"timestamp":1520335749908,"vehicle_id":"BMW","group_id":"GP2","event":"GEO-OUT","objects":["Building 1"],"location":"22.15","message":"SPEED-MSG"}
{"timestamp":1520335753989,"vehicle_id":"BMW","group_id":"GP2","event":"GEO-OUT","objects":["Building 1"],"location":"88.50","message":"GEO-IN-MSG"}
{"timestamp":1520335758869,"vehicle_id":"FORD","group_id":"GP3","event":"GEO-OUT","objects":["Building 1"],"location":"23.33","message":"SPEED-MSG"}
{"timestamp":1520335762099,"vehicle_id":"BMW","group_id":"GP2","event":"GEO-OUT","objects":["Building 1"],"location":"23.33","message":"GEO-IN-MSG"}
{"timestamp":1520335767530,"vehicle_id":"TOYTA","group_id":"GP1","event":"GEO-OUT","objects":["Building 1"],"location":"88.50","message":"SPEED-MSG"}
{"timestamp":1520335771999,"vehicle_id":"FORD","group_id":"GP1","event":"SPEED","objects":["Building 1"],"location":"23.33","message":"GEO-IN-MSG"}
{"timestamp":1520335775956,"vehicle_id":"TOYTA","group_id":"GP3","event":"GEO-IN","objects":["Building 1"],"location":"43.44","message":"SPEED-MSG"}
{"timestamp":1520335780602,"vehicle_id":"BMW","group_id":"GP3","event":"GEO-IN","objects":["Building 1"],"location":"70.88","message":"GEO-OUT-MSG"}
{"timestamp":1520335783844,"vehicle_id":"TOYTA","group_id":"GP3","event":"GEO-IN","objects":["Building 1"],"location":"23.33","message":"GEO-OUT-MSG"}
{"timestamp":1520335787003,"vehicle_id":"BMW","group_id":"GP3","event":"GEO-OUT","objects":["Building 1"],"location":"23.33","message":"GEO-IN-MSG"}
{"timestamp":1520335792755,"vehicle_id":"BMW","group_id":"GP1","event":"GEO-OUT","objects":["Building 1"],"location":"70.88","message":"GEO-OUT-MSG"}
{"timestamp":1520335797835,"vehicle_id":"FORD","group_id":"GP3","event":"GEO-OUT","objects":["Building 1"],"location":"23.33","message":"GEO-IN-MSG"}
{"timestamp":1520335801860,"vehicle_id":"BMW","group_id":"GP1","event":"SPEED","objects":["Building 1"],"location":"88.50","message":"GEO-IN-MSG"}
{"timestamp":1520335805123,"vehicle_id":"TOYTA","group_id":"GP1","event":"GEO-OUT","objects":["Building 1"],"location":"43.44","message":"GEO-OUT-MSG"}
{"timestamp":1520335809007,"vehicle_id":"BMW","group_id":"GP1","event":"SPEED","objects":["Building 1"],"location":"22.15","message":"GEO-IN-MSG"}
{"timestamp":1520335812065,"vehicle_id":"TOYTA","group_id":"GP2","event":"SPEED","objects":["Building 1"],"location":"23.33","message":"GEO-OUT-MSG"}
{"timestamp":1520335815895,"vehicle_id":"FORD","group_id":"GP2","event":"GEO-IN","objects":["Building 1"],"location":"22.15","message":"GEO-IN-MSG"}
{"timestamp":1520335821236,"vehicle_id":"FORD","group_id":"GP3","event":"GEO-IN","objects":["Building 1"],"location":"70.88","message":"GEO-IN-MSG"}
{"timestamp":1520335824985,"vehicle_id":"BMW","group_id":"GP1","event":"GEO-OUT","objects":["Building 1"],"location":"22.15","message":"SPEED-MSG"}
{"timestamp":1520335828396,"vehicle_id":"TOYTA","group_id":"GP3","event":"GEO-IN","objects":["Building 1"],"location":"66.34","message":"SPEED-MSG"}
{"timestamp":1520335833220,"vehicle_id":"TOYTA","group_id":"GP2","event":"SPEED","objects":["Building 1"],"location":"22.15","message":"SPEED-MSG"}
{"timestamp":1520335836824,"vehicle_id":"BMW","group_id":"GP1","event":"GEO-OUT","objects":["Building 1"],"location":"66.34","message":"GEO-IN-MSG"}
{"timestamp":1520335842694,"vehicle_id":"BMW","group_id":"GP2","event":"GEO-OUT","objects":["Building 1"],"location":"70.88","message":"SPEED-MSG"}
{"timestamp":1520335848205,"vehicle_id":"TOYTA","group_id":"GP1","event":"GEO-IN","objects":["Building 1"],"location":"70.88","message":"GEO-IN-MSG"}
{"timestamp":1520335852221,"vehicle_id":"BMW","group_id":"GP3","event":"SPEED","objects":["Building 1"],"location":"88.50","message":"GEO-OUT-MSG"}
{"timestamp":1520335858074,"vehicle_id":"TOYTA","group_id":"GP2","event":"GEO-IN","objects":["Building 1"],"location":"70.88","message":"GEO-IN-MSG"}
{"timestamp":1520335861927,"vehicle_id":"BMW","group_id":"GP3","event":"GEO-OUT","objects":["Building 1"],"location":"70.88","message":"SPEED-MSG"}
{"timestamp":1520335865261,"vehicle_id":"TOYTA","group_id":"GP2","event":"GEO-IN","objects":["Building 1"],"location":"66.34","message":"GEO-OUT-MSG"}
{"timestamp":1520335868407,"vehicle_id":"FORD","group_id":"GP3","event":"GEO-OUT","objects":["Building 1"],"location":"88.50","message":"SPEED-MSG"}
{"timestamp":1520335873275,"vehicle_id":"BMW","group_id":"GP2","event":"SPEED","objects":["Building 1"],"location":"23.33","message":"GEO-OUT-MSG"}
{"timestamp":1520335877664,"vehicle_id":"TOYTA","group_id":"GP2","event":"GEO-IN","objects":["Building 1"],"location":"88.50","message":"GEO-OUT-MSG"}
{"timestamp":1520335883422,"vehicle_id":"FORD","group_id":"GP3","event":"GEO-OUT","objects":["Building 1"],"location":"88.50","message":"GEO-OUT-MSG"}
{"timestamp":1520335887271,"vehicle_id":"TOYTA","group_id":"GP3","event":"GEO-IN","objects":["Building 1"],"location":"66.34","message":"GEO-OUT-MSG"}
{"timestamp":1520335892226,"vehicle_id":"FORD","group_id":"GP2","event":"SPEED","objects":["Building 1"],"location":"66.34","message":"GEO-OUT-MSG"}
{"timestamp":1520335895718,"vehicle_id":"TOYTA","group_id":"GP3","event":"SPEED","objects":["Building 1"],"location":"66.34","message":"GEO-IN-MSG"}
{"timestamp":1520335900545,"vehicle_id":"BMW","group_id":"GP1","event":"GEO-OUT","objects":["Building 1"],"location":"43.44","message":"GEO-OUT-MSG"}
{"timestamp":1520335905242,"vehicle_id":"FORD","group_id":"GP1","event":"GEO-IN","objects":["Building 1"],"location":"66.34","message":"GEO-IN-MSG"}
{"timestamp":1520335909137,"vehicle_id":"TOYTA","group_id":"GP3","event":"SPEED","objects":["Building 1"],"location":"22.15","message":"GEO-OUT-MSG"}
{"timestamp":1520335914012,"vehicle_id":"TOYTA","group_id":"GP3","event":"GEO-IN","objects":["Building 1"],"location":"23.33","message":"SPEED-MSG"}
{"timestamp":1520335917235,"vehicle_id":"FORD","group_id":"GP3","event":"GEO-IN","objects":["Building 1"],"location":"23.33","message":"SPEED-MSG"}
{"timestamp":1520335921273,"vehicle_id":"TOYTA","group_id":"GP3","event":"GEO-IN","objects":["Building 1"],"location":"88.50","message":"GEO-OUT-MSG"}
{"timestamp":1520335926668,"vehicle_id":"BMW","group_id":"GP1","event":"GEO-OUT","objects":["Building 1"],"location":"70.88","message":"SPEED-MSG"}
{"timestamp":1520335932596,"vehicle_id":"BMW","group_id":"GP2","event":"GEO-IN","objects":["Building 1"],"location":"70.88","message":"GEO-IN-MSG"}
{"timestamp":1520335938160,"vehicle_id":"BMW","group_id":"GP2","event":"GEO-OUT","objects":["Building 1"],"location":"23.33","message":"GEO-IN-MSG"}
{"timestamp":1520335943957,"vehicle_id":"TOYTA","group_id":"GP1","event":"GEO-OUT","objects":["Building 1"],"location":"43.44","message":"GEO-IN-MSG"}
{"timestamp":1520335949907,"vehicle_id":"FORD","group_id":"GP1","event":"SPEED","objects":["Building 1"],"location":"70.88","message":"GEO-OUT-MSG"}
{"timestamp":1520335953643,"vehicle_id":"BMW","group_id":"GP2","event":"GEO-OUT","objects":["Building 1"],"location":"22.15","message":"GEO-OUT-MSG"}
{"timestamp":1520335956975,"vehicle_id":"BMW","group_id":"GP2","event":"SPEED","objects":["Building 1"],"location":"88.50","message":"GEO-IN-MSG"}
{"timestamp":1520335962003,"vehicle_id":"TOYTA","group_id":"GP3","event":"GEO-IN","objects":["Building 1"],"location":"22.15","message":"GEO-OUT-MSG"}
{"timestamp":1520335966742,"vehicle_id":"BMW","group_id":"GP2","event":"SPEED","objects":["Building 1"],"location":"22.15","message":"GEO-IN-MSG"}
{"timestamp":1520335971682,"vehicle_id":"TOYTA","group_id":"GP2","event":"SPEED","objects":["Building 1"],"location":"23.33","message":"GEO-IN-MSG"}
{"timestamp":1520335976617,"vehicle_id":"BMW","group_id":"GP1","event":"GEO-OUT","objects":["Building 1"],"location":"70.88","message":"GEO-OUT-MSG"}
{"timestamp":1520335981320,"vehicle_id":"TOYTA","group_id":"GP2","event":"GEO-IN","objects":["Building 1"],"location":"22.15","message":"SPEED-MSG"}
{"timestamp":1520335985270,"vehicle_id":"FORD","group_id":"GP2","event":"GEO-IN","objects":["Building 1"],"location":"88.50","message":"GEO-IN-MSG"}
{"timestamp":1520335990098,"vehicle_id":"FORD","group_id":"GP2","event":"GEO-IN","objects":["Building 1"],"location":"22.15","message":"GEO-OUT-MSG"}
{"timestamp":1520335995047,"vehicle_id":"BMW","group_id":"GP3","event":"GEO-IN","objects":["Building 1"],"location":"70.88","message":"GEO-IN-MSG"}
{"timestamp":1520336000088,"vehicle_id":"FORD","group_id":"GP3","event":"SPEED","objects":["Building 1"],"location":"22.15","message":"GEO-OUT-MSG"}
{"timestamp":1520336004982,"vehicle_id":"FORD","group_id":"GP3","event":"SPEED","objects":["Building 1"],"location":"23.33","message":"SPEED-MSG"}
{"timestamp":1520336010130,"vehicle_id":"FORD","group_id":"GP1","event":"SPEED","objects":["Building 1"],"location":"43.44","message":"GEO-IN-MSG"}
{"timestamp":1520336014790,"vehicle_id":"FORD","group_id":"GP2","event":"GEO-OUT","objects":["Building 1"],"location":"66.34","message":"GEO-OUT-MSG"}
{"timestamp":1520336020142,"vehicle_id":"BMW","group_id":"GP1","event":"GEO-IN","objects":["Building 1"],"location":"88.50","message":"SPEED-MSG"}
{"timestamp":1520336023429,"vehicle_id":"TOYTA","group_id":"GP3","event":"GEO-IN","objects":["Building 1"],"location":"88.50","message":"GEO-OUT-MSG"}
{"timestamp":1520336026644,"vehicle_id":"TOYTA","group_id":"GP2","event":"SPEED","objects":["Building 1"],"location":"70.88","message":"GEO-IN-MSG"}
{"timestamp":1520336031958,"vehicle_id":"FORD","group_id":"GP3","event":"GEO-OUT","objects":["Building 1"],"location":"70.88","message":"GEO-IN-MSG"}
{"timestamp":1520336035540,"vehicle_id":"TOYTA","group_id":"GP3","event":"GEO-OUT","objects":["Building 1"],"location":"70.88","message":"GEO-IN-MSG"}
{"timestamp":1520336040884,"vehicle_id":"BMW","group_id":"GP1","event":"GEO-OUT","objects":["Building 1"],"location":"88.50","message":"SPEED-MSG"}
{"timestamp":1520336045699,"vehicle_id":"FORD","group_id":"GP1","event":"GEO-IN","objects":["Building 1"],"location":"43.44","message":"GEO-IN-MSG"}
{"timestamp":1520336050320,"vehicle_id":"TOYTA","group_id":"GP2","event":"GEO-OUT","objects":["Building 1"],"location":"43.44","message":"GEO-OUT-MSG"}
{"timestamp":1520336055302,"vehicle_id":"BMW","group_id":"GP3","event":"SPEED","objects":["Building 1"],"location":"88.50","message":"GEO-OUT-MSG"}
{"timestamp":1520336060422,"vehicle_id":"BMW","group_id":"GP2","event":"SPEED","objects":["Building 1"],"location":"23.33","message":"GEO-IN-MSG"}
{"timestamp":1520336064191,"vehicle_id":"BMW","group_id":"GP2","event":"GEO-OUT","objects":["Building 1"],"location":"88.50","message":"GEO-IN-MSG"}
{"timestamp":1520336070171,"vehicle_id":"BMW","group_id":"GP3","event":"SPEED","objects":["Building 1"],"location":"70.88","message":"GEO-IN-MSG"}
{"timestamp":1520336074203,"vehicle_id":"FORD","group_id":"GP3","event":"GEO-IN","objects":["Building 1"],"location":"66.34","message":"GEO-OUT-MSG"}
{"timestamp":1520336079399,"vehicle_id":"BMW","group_id":"GP3","event":"GEO-OUT","objects":["Building 1"],"location":"23.33","message":"SPEED-MSG"}
{"timestamp":1520336083455,"vehicle_id":"BMW","group_id":"GP1","event":"SPEED","objects":["Building 1"],"location":"88.50","message":"SPEED-MSG"}
{"timestamp":1520336088556,"vehicle_id":"FORD","group_id":"GP1","event":"GEO-OUT","objects":["Building 1"],"location":"43.44","message":"SPEED-MSG"}
{"timestamp":1520336093990,"vehicle_id":"TOYTA","group_id":"GP2","event":"GEO-OUT","objects":["Building 1"],"location":"70.88","message":"GEO-IN-MSG"}
{"timestamp":1520336099042,"vehicle_id":"BMW","group_id":"GP3","event":"SPEED","objects":["Building 1"],"location":"88.50","message":"SPEED-MSG"}
{"timestamp":1520336103702,"vehicle_id":"BMW","group_id":"GP2","event":"SPEED","objects":["Building 1"],"location":"70.88","message":"GEO-IN-MSG"}
{"timestamp":1520336108769,"vehicle_id":"FORD","group_id":"GP1","event":"SPEED","objects":["Building 1"],"location":"43.44","message":"GEO-IN-MSG"}
{"timestamp":1520336112371,"vehicle_id":"TOYTA","group_id":"GP3","event":"GEO-OUT","objects":["Building 1"],"location":"23.33","message":"GEO-OUT-MSG"}
{"timestamp":1520336116811,"vehicle_id":"FORD","group_id":"GP3","event":"SPEED","objects":["Building 1"],"location":"43.44","message":"GEO-OUT-MSG"}
{"timestamp":1520336121050,"vehicle_id":"TOYTA","group_id":"GP1","event":"GEO-OUT","objects":["Building 1"],"location":"66.34","message":"GEO-OUT-MSG"}
{"timestamp":1520336125056,"vehicle_id":"FORD","group_id":"GP3","event":"GEO-OUT","objects":["Building 1"],"location":"43.44","message":"SPEED-MSG"}
{"timestamp":1520336129797,"vehicle_id":"BMW","group_id":"GP1","event":"GEO-OUT","objects":["Building 1"],"location":"70.88","message":"GEO-OUT-MSG"}
{"timestamp":1520336134597,"vehicle_id":"TOYTA","group_id":"GP2","event":"GEO-IN","objects":["Building 1"],"location":"70.88","message":"GEO-OUT-MSG"}
{"timestamp":1520336138383,"vehicle_id":"BMW","group_id":"GP2","event":"SPEED","objects":["Building 1"],"location":"23.33","message":"GEO-OUT-MSG"}
{"timestamp":1520336143467,"vehicle_id":"FORD","group_id":"GP1","event":"GEO-IN","objects":["Building 1"],"location":"43.44","message":"SPEED-MSG"}
{"timestamp":1520336149271,"vehicle_id":"FORD","group_id":"GP3","event":"GEO-IN","objects":["Building 1"],"location":"43.44","message":"GEO-IN-MSG"}
{"timestamp":1520336153631,"vehicle_id":"BMW","group_id":"GP2","event":"GEO-OUT","objects":["Building 1"],"location":"43.44","message":"GEO-IN-MSG"}
{"timestamp":1520336157875,"vehicle_id":"FORD","group_id":"GP1","event":"GEO-IN","objects":["Building 1"],"location":"70.88","message":"GEO-IN-MSG"}
{"timestamp":1520336161541,"vehicle_id":"BMW","group_id":"GP1","event":"GEO-OUT","objects":["Building 1"],"location":"88.50","message":"GEO-OUT-MSG"}
{"timestamp":1520336164927,"vehicle_id":"TOYTA","group_id":"GP2","event":"SPEED","objects":["Building 1"],"location":"23.33","message":"GEO-OUT-MSG"}
{"timestamp":1520336169119,"vehicle_id":"FORD","group_id":"GP1","event":"GEO-IN","objects":["Building 1"],"location":"43.44","message":"GEO-OUT-MSG"}
{"timestamp":1520336173960,"vehicle_id":"BMW","group_id":"GP1","event":"GEO-IN","objects":["Building 1"],"location":"23.33","message":"SPEED-MSG"}
{"timestamp":1520336177255,"vehicle_id":"BMW","group_id":"GP3","event":"GEO-IN","objects":["Building 1"],"location":"43.44","message":"GEO-OUT-MSG"}
{"timestamp":1520336180706,"vehicle_id":"FORD","group_id":"GP2","event":"GEO-IN","objects":["Building 1"],"location":"43.44","message":"GEO-OUT-MSG"}
{"timestamp":1520336186277,"vehicle_id":"BMW","group_id":"GP3","event":"GEO-IN","objects":["Building 1"],"location":"70.88","message":"GEO-IN-MSG"}
{"timestamp":1520336191145,"vehicle_id":"TOYTA","group_id":"GP2","event":"GEO-OUT","objects":["Building 1"],"location":"23.33","message":"SPEED-MSG"}
{"timestamp":1520336195506,"vehicle_id":"TOYTA","group_id":"GP1","event":"GEO-OUT","objects":["Building 1"],"location":"66.34","message":"GEO-IN-MSG"}
{"timestamp":1520336201353,"vehicle_id":"FORD","group_id":"GP2","event":"GEO-OUT","objects":["Building 1"],"location":"66.34","message":"GEO-IN-MSG"}
{"timestamp":1520336207009,"vehicle_id":"BMW","group_id":"GP1","event":"SPEED","objects":["Building 1"],"location":"88.50","message":"GEO-IN-MSG"}
{"timestamp":1520336212516,"vehicle_id":"BMW","group_id":"GP2","event":"GEO-OUT","objects":["Building 1"],"location":"23.33","message":"SPEED-MSG"}
